Traceback (most recent call last):
  File "c:\users\lxper010\anaconda3\envs\book\lib\site-packages\jupyter_cache\executors\utils.py", line 56, in single_nb_execution
    record_timing=False,
  File "c:\users\lxper010\anaconda3\envs\book\lib\site-packages\nbclient\client.py", line 1087, in execute
    return NotebookClient(nb=nb, resources=resources, km=km, **kwargs).execute()
  File "c:\users\lxper010\anaconda3\envs\book\lib\site-packages\nbclient\util.py", line 74, in wrapped
    return just_run(coro(*args, **kwargs))
  File "c:\users\lxper010\anaconda3\envs\book\lib\site-packages\nbclient\util.py", line 53, in just_run
    return loop.run_until_complete(coro)
  File "c:\users\lxper010\anaconda3\envs\book\lib\asyncio\base_events.py", line 488, in run_until_complete
    return future.result()
  File "c:\users\lxper010\anaconda3\envs\book\lib\site-packages\nbclient\client.py", line 541, in async_execute
    cell, index, execution_count=self.code_cells_executed + 1
  File "c:\users\lxper010\anaconda3\envs\book\lib\site-packages\nbclient\client.py", line 832, in async_execute_cell
    self._check_raise_for_error(cell, exec_reply)
  File "c:\users\lxper010\anaconda3\envs\book\lib\site-packages\nbclient\client.py", line 740, in _check_raise_for_error
    raise CellExecutionError.from_cell_and_msg(cell, exec_reply['content'])
nbclient.exceptions.CellExecutionError: An error occurred while executing the following cell:
------------------
%matplotlib inline
------------------

[1;31m---------------------------------------------------------------------------[0m
[1;31mModuleNotFoundError[0m                       Traceback (most recent call last)
[1;32m<ipython-input-1-9e3324102725>[0m in [0;36m<module>[1;34m[0m
[1;32m----> 1[1;33m [0mget_ipython[0m[1;33m([0m[1;33m)[0m[1;33m.[0m[0mrun_line_magic[0m[1;33m([0m[1;34m'matplotlib'[0m[1;33m,[0m [1;34m'inline'[0m[1;33m)[0m[1;33m[0m[1;33m[0m[0m
[0m
[1;32mc:\users\lxper010\anaconda3\envs\book\lib\site-packages\IPython\core\interactiveshell.py[0m in [0;36mrun_line_magic[1;34m(self, magic_name, line, _stack_depth)[0m
[0;32m   2324[0m                 [0mkwargs[0m[1;33m[[0m[1;34m'local_ns'[0m[1;33m][0m [1;33m=[0m [0msys[0m[1;33m.[0m[0m_getframe[0m[1;33m([0m[0mstack_depth[0m[1;33m)[0m[1;33m.[0m[0mf_locals[0m[1;33m[0m[1;33m[0m[0m
[0;32m   2325[0m             [1;32mwith[0m [0mself[0m[1;33m.[0m[0mbuiltin_trap[0m[1;33m:[0m[1;33m[0m[1;33m[0m[0m
[1;32m-> 2326[1;33m                 [0mresult[0m [1;33m=[0m [0mfn[0m[1;33m([0m[1;33m*[0m[0margs[0m[1;33m,[0m [1;33m**[0m[0mkwargs[0m[1;33m)[0m[1;33m[0m[1;33m[0m[0m
[0m[0;32m   2327[0m             [1;32mreturn[0m [0mresult[0m[1;33m[0m[1;33m[0m[0m
[0;32m   2328[0m [1;33m[0m[0m

[1;32m<decorator-gen-109>[0m in [0;36mmatplotlib[1;34m(self, line)[0m

[1;32mc:\users\lxper010\anaconda3\envs\book\lib\site-packages\IPython\core\magic.py[0m in [0;36m<lambda>[1;34m(f, *a, **k)[0m
[0;32m    185[0m     [1;31m# but it's overkill for just that one bit of state.[0m[1;33m[0m[1;33m[0m[1;33m[0m[0m
[0;32m    186[0m     [1;32mdef[0m [0mmagic_deco[0m[1;33m([0m[0marg[0m[1;33m)[0m[1;33m:[0m[1;33m[0m[1;33m[0m[0m
[1;32m--> 187[1;33m         [0mcall[0m [1;33m=[0m [1;32mlambda[0m [0mf[0m[1;33m,[0m [1;33m*[0m[0ma[0m[1;33m,[0m [1;33m**[0m[0mk[0m[1;33m:[0m [0mf[0m[1;33m([0m[1;33m*[0m[0ma[0m[1;33m,[0m [1;33m**[0m[0mk[0m[1;33m)[0m[1;33m[0m[1;33m[0m[0m
[0m[0;32m    188[0m [1;33m[0m[0m
[0;32m    189[0m         [1;32mif[0m [0mcallable[0m[1;33m([0m[0marg[0m[1;33m)[0m[1;33m:[0m[1;33m[0m[1;33m[0m[0m

[1;32mc:\users\lxper010\anaconda3\envs\book\lib\site-packages\IPython\core\magics\pylab.py[0m in [0;36mmatplotlib[1;34m(self, line)[0m
[0;32m     97[0m             [0mprint[0m[1;33m([0m[1;34m"Available matplotlib backends: %s"[0m [1;33m%[0m [0mbackends_list[0m[1;33m)[0m[1;33m[0m[1;33m[0m[0m
[0;32m     98[0m         [1;32melse[0m[1;33m:[0m[1;33m[0m[1;33m[0m[0m
[1;32m---> 99[1;33m             [0mgui[0m[1;33m,[0m [0mbackend[0m [1;33m=[0m [0mself[0m[1;33m.[0m[0mshell[0m[1;33m.[0m[0menable_matplotlib[0m[1;33m([0m[0margs[0m[1;33m.[0m[0mgui[0m[1;33m.[0m[0mlower[0m[1;33m([0m[1;33m)[0m [1;32mif[0m [0misinstance[0m[1;33m([0m[0margs[0m[1;33m.[0m[0mgui[0m[1;33m,[0m [0mstr[0m[1;33m)[0m [1;32melse[0m [0margs[0m[1;33m.[0m[0mgui[0m[1;33m)[0m[1;33m[0m[1;33m[0m[0m
[0m[0;32m    100[0m             [0mself[0m[1;33m.[0m[0m_show_matplotlib_backend[0m[1;33m([0m[0margs[0m[1;33m.[0m[0mgui[0m[1;33m,[0m [0mbackend[0m[1;33m)[0m[1;33m[0m[1;33m[0m[0m
[0;32m    101[0m [1;33m[0m[0m

[1;32mc:\users\lxper010\anaconda3\envs\book\lib\site-packages\IPython\core\interactiveshell.py[0m in [0;36menable_matplotlib[1;34m(self, gui)[0m
[0;32m   3417[0m         """
[0;32m   3418[0m         [1;32mfrom[0m [0mIPython[0m[1;33m.[0m[0mcore[0m [1;32mimport[0m [0mpylabtools[0m [1;32mas[0m [0mpt[0m[1;33m[0m[1;33m[0m[0m
[1;32m-> 3419[1;33m         [0mgui[0m[1;33m,[0m [0mbackend[0m [1;33m=[0m [0mpt[0m[1;33m.[0m[0mfind_gui_and_backend[0m[1;33m([0m[0mgui[0m[1;33m,[0m [0mself[0m[1;33m.[0m[0mpylab_gui_select[0m[1;33m)[0m[1;33m[0m[1;33m[0m[0m
[0m[0;32m   3420[0m [1;33m[0m[0m
[0;32m   3421[0m         [1;32mif[0m [0mgui[0m [1;33m!=[0m [1;34m'inline'[0m[1;33m:[0m[1;33m[0m[1;33m[0m[0m

[1;32mc:\users\lxper010\anaconda3\envs\book\lib\site-packages\IPython\core\pylabtools.py[0m in [0;36mfind_gui_and_backend[1;34m(gui, gui_select)[0m
[0;32m    278[0m     """
[0;32m    279[0m [1;33m[0m[0m
[1;32m--> 280[1;33m     [1;32mimport[0m [0mmatplotlib[0m[1;33m[0m[1;33m[0m[0m
[0m[0;32m    281[0m [1;33m[0m[0m
[0;32m    282[0m     [1;32mif[0m [0mgui[0m [1;32mand[0m [0mgui[0m [1;33m!=[0m [1;34m'auto'[0m[1;33m:[0m[1;33m[0m[1;33m[0m[0m

[1;31mModuleNotFoundError[0m: No module named 'matplotlib'
ModuleNotFoundError: No module named 'matplotlib'

